<?xml version="1.0" encoding="UTF-8"?>
<!-- Generated by org.testng.reporters.JUnitReportReporter -->
<testsuite skipped="0" hostname="Biswasadt01" name="com.Acuite.RunManager.RunManager" tests="1" failures="0" timestamp="27 Feb 2020 12:44:53 GMT" time="29.418" errors="0">
  <testcase name="TestRunner" time="29.418" classname="com.Acuite.RunManager.RunManager"/>
</testsuite> <!-- com.Acuite.RunManager.RunManager -->
